Arguments: 
  /home/victor/.nvm/versions/node/v12.2.0/bin/node /mnt/d/Program Files (x86)/Yarn/bin/yarn.js start

PATH: 
  /home/victor/.rbenv/plugins/ruby-build/bin:/home/victor/.rbenv/shims:/home/victor/.rbenv/bin:/home/victor/.nvm/versions/node/v12.2.0/bin:/usr/local/sbin:/usr/local/bin:/usr/sbin:/usr/bin:/sbin:/bin:/usr/games:/usr/local/games:/mnt/c/Program Files/WindowsApps/CanonicalGroupLimited.Ubuntu18.04onWindows_1804.2019.522.0_x64__79rhkp1fndgsc:/mnt/c/Program Files/ImageMagick-7.0.8-Q16:/mnt/c/ProgramData/Oracle/Java/javapath:/mnt/c/Program Files/Common Files/microsoft shared/Windows Live:/mnt/c/Program Files (x86)/Common Files/microsoft shared/Windows Live:/mnt/c/Windows/System32:/mnt/c/Windows:/mnt/c/Windows/System32/wbem:/mnt/c/Windows/System32/WindowsPowerShell/v1.0:/mnt/c/Program Files (x86)/Windows Live/Shared:/mnt/c/Program Files (x86)/Microsoft SQL Server/100/Tools/Binn:/mnt/c/Program Files/Microsoft SQL Server/100/Tools/Binn:/mnt/c/Program Files/Microsoft SQL Server/100/DTS/Binn:/mnt/c/Program Files (x86)/QuickTime/QTSystem:/mnt/c/Program Files (x86)/Common Files/Acronis/SnapAPI:/mnt/c/Program Files (x86)/Acronis/CommandLineTool:/mnt/c/Program Files/Microsoft SQL Server/90/Tools/binn:/mnt/c/Program Files (x86)/Microsoft SQL Server/90/Tools/Binn:/mnt/c/Program Files (x86)/Microsoft SQL Server/90/DTS/Binn:/mnt/c/Program Files (x86)/Microsoft SQL Server/90/Tools/Binn/VSShell/Common7/IDE:/mnt/c/Program Files (x86)/Microsoft Visual Studio 8/Common7/IDE/PrivateAssemblies:/mnt/c/Program Files (x86)/Windows Kits/10/Windows Performance Toolkit:/mnt/c/Program Files/Git/cmd:/mnt/c/Windows/System32/OpenSSH:/mnt/c/Program Files/PuTTY:/mnt/c/Program Files/Aladdin/eToken/PKIClient/x32:/mnt/c/Program Files/Aladdin/eToken/PKIClient/x64:/mnt/d/Program Files/nodejs:/mnt/d/Program Files (x86)/Yarn/bin:/mnt/d/Program Files (x86)/Brackets/command:/mnt/d/Ruby25-x64/bin:/mnt/d/Ruby24-x64/bin:/mnt/c/Program Files/Sublime Text 3:/mnt/c/Windows/System32:/mnt/c/Users/пользователь/AppData/Local/Microsoft/WindowsApps:/mnt/c/Users/пользователь/AppData/Roaming/npm:/mnt/c/Users/пользователь/AppData/Local/Yarn/bin:/snap/bin

Yarn version: 
  1.15.2

Node version: 
  12.2.0

Platform: 
  linux x64

Trace: 
  SyntaxError: /mnt/d/railslinux/mobile-mfk/package.json: Unexpected token / in JSON at position 1483
      at JSON.parse (<anonymous>)
      at /mnt/d/Program Files (x86)/Yarn/lib/cli.js:1625:59
      at Generator.next (<anonymous>)
      at step (/mnt/d/Program Files (x86)/Yarn/lib/cli.js:304:30)
      at /mnt/d/Program Files (x86)/Yarn/lib/cli.js:315:13

npm manifest: 
  {
    "name": "template_react_pg_express",
    "version": "1.0.0",
    "description": "",
    "main": "index.js",
    "scripts": {
      "dev": "webpack --mode development --module-bind js=babel-loader",
      "start": "webpack-dev-server --mode development --open ",
      "_start_home": "webpack-dev-server --port 8080 --host 192.168.1.41 --mode development --open ",
      "build": "webpack --mode production --module-bind js=babel-loader"
    },
    "keywords": [],
    "author": "",
    "license": "ISC",
    "devDependencies": {
      "@babel/core": "^7.4.5",
      "@babel/plugin-proposal-class-properties": "^7.4.4",
      "@babel/preset-env": "^7.4.5",
      "@babel/preset-react": "^7.0.0",
      "babel-loader": "^8.0.6",
      "bootstrap": "^4.3.1",
      "css-loader": "^2.1.1",
      "html-loader": "^0.5.5",
      "html-webpack-plugin": "^3.2.0",
      "jquery": "^3.4.1",
      "link": "^0.1.5",
      "mini-css-extract-plugin": "^0.7.0",
      "moment": "^2.24.0",
      "morgan": "^1.9.1",
      "nodemon": "^1.19.1",
      "pg": "^7.11.0",
      "popper.js": "^1.15.0",
      "react": "^16.8.6",
      "react-dom": "^16.8.6",
      "uuid": "^3.3.2",
      "webpack": "^4.32.2",
      "webpack-cli": "^3.3.2",
      "webpack-dev-server": "^3.4.1"
    },
    "dependencies": {
      "axios": "^0.18.0",
      "body-parser": "^1.19.0",
      "connected-react-router": "^6.4.0",
      "cookie-parser": "^1.4.4",
      "cors": "^2.8.5",
      "express": "^4.17.1",
      "forever": "^1.0.0",
      "history": "^4.9.0",
      "react-bootstrap": "^1.0.0-beta.8",
      // "react-native": "^0.59.8",
      "react-native": "^0.57",
      "react-native-snap-carousel": "^3.8.0",
      "react-redux": "^7.0.3",
      "react-router-dom": "^5.0.0",
      "react-router-redux": "^4.0.8",
      "react-swipeable-views": "^0.13.3",
      "react-swipeable-views-utils": "^0.13.3",
      "react-touch": "^0.4.4",
      "redux": "^4.0.1",
      "redux-thunk": "^2.3.0",
      "serve-favicon": "^2.5.0"
    }
  }

yarn manifest: 
  No manifest

Lockfile: 
  No lockfile
